<?xml version="1.0" encoding="UTF-8" ?>
<testsuite tests="33" failures="1" name="TestCase_Automation.TestCase" time="156.779" errors="0" skipped="32">
  <properties>
    <property name="java.vendor" value="Oracle Corporation"/>
    <property name="JOB_NAME" value="myJenkins_project"/>
    <property name="sun.java.launcher" value="SUN_STANDARD"/>
    <property name="NUMBER_OF_PROCESSORS" value="2"/>
    <property name="sun.management.compiler" value="HotSpot 64-Bit Tiered Compilers"/>
    <property name="JENKINS_HOME" value="C:\Jenkins"/>
    <property name="HUDSON_SERVER_COOKIE" value="e483cb15f12a1e0f"/>
    <property name="POM_ARTIFACTID" value="SeleniumTesting"/>
    <property name="os.name" value="Windows Vista"/>
    <property name="sun.boot.class.path" value="c:\Program Files\Java\jdk1.8.0_45\jre\lib\resources.jar;c:\Program Files\Java\jdk1.8.0_45\jre\lib\rt.jar;c:\Program Files\Java\jdk1.8.0_45\jre\lib\sunrsasign.jar;c:\Program Files\Java\jdk1.8.0_45\jre\lib\jsse.jar;c:\Program Files\Java\jdk1.8.0_45\jre\lib\jce.jar;c:\Program Files\Java\jdk1.8.0_45\jre\lib\charsets.jar;c:\Program Files\Java\jdk1.8.0_45\jre\lib\jfr.jar;c:\Program Files\Java\jdk1.8.0_45\jre\classes"/>
    <property name="EXECUTOR_NUMBER" value="1"/>
    <property name="sun.desktop" value="windows"/>
    <property name="PATHEXT" value=".COM;.EXE;.BAT;.CMD;.VBS;.VBE;.JS;.JSE;.WSF;.WSH;.MSC"/>
    <property name="java.vm.specification.vendor" value="Oracle Corporation"/>
    <property name="POM_DISPLAYNAME" value="Project-Testing-Selenium-TestNG"/>
    <property name="NODE_LABELS" value="master"/>
    <property name="TEMP" value="C:\Windows\TEMP"/>
    <property name="java.runtime.version" value="1.8.0_45-b14"/>
    <property name="DFSTRACINGON" value="FALSE"/>
    <property name="user.name" value="CRAZYGUY-PC$"/>
    <property name="guice.disable.misplaced.annotation.check" value="true"/>
    <property name="CommonProgramW6432" value="C:\Program Files\Common Files"/>
    <property name="ProgramFiles" value="C:\Program Files (x86)"/>
    <property name="user.language" value="en"/>
    <property name="BUILD_DISPLAY_NAME" value="#42"/>
    <property name="sun.boot.library.path" value="c:\Program Files\Java\jdk1.8.0_45\jre\bin"/>
    <property name="LOCALAPPDATA" value="C:\Windows\system32\config\systemprofile\AppData\Local"/>
    <property name="java.version" value="1.8.0_45"/>
    <property name="PROCESSOR_LEVEL" value="17"/>
    <property name="user.timezone" value="America/New_York"/>
    <property name="USERNAME" value="CRAZYGUY-PC$"/>
    <property name="sun.arch.data.model" value="64"/>
    <property name="NODE_NAME" value="master"/>
    <property name="PROCESSOR_ARCHITEW6432" value="AMD64"/>
    <property name="java.endorsed.dirs" value="c:\Program Files\Java\jdk1.8.0_45\jre\lib\endorsed"/>
    <property name="BUILD_ID" value="42"/>
    <property name="sun.cpu.isalist" value="amd64"/>
    <property name="sun.jnu.encoding" value="Cp1252"/>
    <property name="file.encoding.pkg" value="sun.io"/>
    <property name="file.separator" value="\"/>
    <property name="java.specification.name" value="Java Platform API Specification"/>
    <property name="java.class.version" value="52.0"/>
    <property name="user.country" value="CA"/>
    <property name="ALLUSERSPROFILE" value="C:\ProgramData"/>
    <property name="java.home" value="c:\Program Files\Java\jdk1.8.0_45\jre"/>
    <property name="java.vm.info" value="mixed mode"/>
    <property name="os.version" value="6.0"/>
    <property name="TRACE_FORMAT_SEARCH_PATH" value="\\NTREL202.ntdev.corp.microsoft.com\34FB5F65-FFEB-4B61-BF0E-A6A76C450FAA\TraceFormat"/>
    <property name="POM_VERSION" value="1.0"/>
    <property name="configsetroot" value="C:\Windows\ConfigSetRoot"/>
    <property name="TMP" value="C:\Windows\TEMP"/>
    <property name="path.separator" value=";"/>
    <property name="java.vm.version" value="25.45-b02"/>
    <property name="user.variant" value=""/>
    <property name="CommonProgramFiles(x86)" value="C:\Program Files (x86)\Common Files"/>
    <property name="java.awt.printerjob" value="sun.awt.windows.WPrinterJob"/>
    <property name="FP_NO_HOST_CHECK" value="NO"/>
    <property name="JAVA_HOME" value="c:\Program Files\Java\jdk1.8.0_45"/>
    <property name="sun.io.unicode.encoding" value="UnicodeLittle"/>
    <property name="CommonProgramFiles" value="C:\Program Files (x86)\Common Files"/>
    <property name="ComSpec" value="C:\Windows\system32\cmd.exe"/>
    <property name="awt.toolkit" value="sun.awt.windows.WToolkit"/>
    <property name="POM_PACKAGING" value="jar"/>
    <property name="SERVICE_ID" value="jenkins"/>
    <property name="COMPUTERNAME" value="CRAZYGUY-PC"/>
    <property name="user.script" value=""/>
    <property name="asl.log" value="Destination=file"/>
    <property name="POM_GROUPID" value="com.seleniumTesting"/>
    <property name="PUBLIC" value="C:\Users\Public"/>
    <property name="user.home" value="C:\Windows\system32\config\systemprofile"/>
    <property name="BUILD_TAG" value="jenkins-myJenkins_project-42"/>
    <property name="JENKINS_SERVER_COOKIE" value="e483cb15f12a1e0f"/>
    <property name="HUDSON_URL" value="http://localhost:8080/"/>
    <property name="ProgramData" value="C:\ProgramData"/>
    <property name="java.specification.vendor" value="Oracle Corporation"/>
    <property name="USERPROFILE" value="C:\Windows\system32\config\systemprofile"/>
    <property name="CLASSPATH" value=""/>
    <property name="java.vendor.url" value="http://java.oracle.com/"/>
    <property name="java.library.path" value="c:\Program Files\Java\jdk1.8.0_45\bin;C:\Windows\Sun\Java\bin;C:\Windows\system32;C:\Windows;c:\apache-maven-3.0.5/bin;c:\Program Files\Java\jdk1.8.0_45/bin;c:\Program Files\Java\jdk1.8.0_45/bin;C:\ProgramData\Oracle\Java\javapath;C:\PHP\;C:\Windows\system32;C:\Windows;C:\Windows\System32\Wbem;c:\Program Files (x86)\ATI Technologies\ATI.ACE\Core-Static;C:\PROGRA~2\COMMON~1\ULEADS~1\MPEG;C:\Windows\System32\WindowsPowerShell\v1.0\;C:\Git\cmd;."/>
    <property name="java.vm.vendor" value="Oracle Corporation"/>
    <property name="APPDATA" value="C:\Windows\system32\config\systemprofile\AppData\Roaming"/>
    <property name="PHPRC" value="C:\PHP\"/>
    <property name="java.runtime.name" value="Java(TM) SE Runtime Environment"/>
    <property name="maven.home" value="C:\apache-maven-3.0.5"/>
    <property name="java.class.path" value="C:\Jenkins\plugins\maven-plugin\WEB-INF\lib\maven3-agent-1.5.jar;c:\apache-maven-3.0.5\boot\plexus-classworlds-2.4.jar"/>
    <property name="sun.java.command" value="org.jvnet.hudson.maven3.agent.Maven3Main c:\apache-maven-3.0.5 C:\Jenkins\war\WEB-INF\lib\remoting-2.51.jar C:\Jenkins\plugins\maven-plugin\WEB-INF\lib\maven3-interceptor-1.5.jar C:\Jenkins\plugins\maven-plugin\WEB-INF\lib\maven3-interceptor-commons-1.5.jar 49766"/>
    <property name="Path" value="c:\Program Files\Java\jdk1.8.0_45/bin;C:\ProgramData\Oracle\Java\javapath;C:\PHP\;C:\Windows\system32;C:\Windows;C:\Windows\System32\Wbem;c:\Program Files (x86)\ATI Technologies\ATI.ACE\Core-Static;C:\PROGRA~2\COMMON~1\ULEADS~1\MPEG;C:\Windows\System32\WindowsPowerShell\v1.0\;C:\Git\cmd"/>
    <property name="java.vm.specification.name" value="Java Virtual Machine Specification"/>
    <property name="PROCESSOR_ARCHITECTURE" value="x86"/>
    <property name="PATH+JDK" value="c:\Program Files\Java\jdk1.8.0_45/bin"/>
    <property name="PROCESSOR_IDENTIFIER" value="AMD64 Family 17 Model 3 Stepping 1, AuthenticAMD"/>
    <property name="java.vm.specification.version" value="1.8"/>
    <property name="sun.os.patch.level" value="Service Pack 2"/>
    <property name="sun.cpu.endian" value="little"/>
    <property name="M2_HOME" value="c:\apache-maven-3.0.5"/>
    <property name="java.io.tmpdir" value="C:\Windows\TEMP\"/>
    <property name="OS" value="Windows_NT"/>
    <property name="HUDSON_HOME" value="C:\Jenkins"/>
    <property name="PATH+MAVEN" value="c:\apache-maven-3.0.5/bin"/>
    <property name="ProgramFiles(x86)" value="C:\Program Files (x86)"/>
    <property name="BUILD_URL" value="http://localhost:8080/job/myJenkins_project/42/"/>
    <property name="java.vendor.url.bug" value="http://bugreport.sun.com/bugreport/"/>
    <property name="MAVEN_OPTS" value="-Xms256m -Xmx512m"/>
    <property name="java.awt.graphicsenv" value="sun.awt.Win32GraphicsEnvironment"/>
    <property name="os.arch" value="amd64"/>
    <property name="SystemRoot" value="C:\Windows"/>
    <property name="java.ext.dirs" value="c:\Program Files\Java\jdk1.8.0_45\jre\lib\ext;C:\Windows\Sun\Java\lib\ext"/>
    <property name="user.dir" value="c:\maven_proj\mavenproject"/>
    <property name="JOB_URL" value="http://localhost:8080/job/myJenkins_project/"/>
    <property name="USERDOMAIN" value="WORKGROUP"/>
    <property name="line.separator" value="
"/>
    <property name="MAVEN_HOME" value="c:\apache-maven-3.0.5"/>
    <property name="VS100COMNTOOLS" value="D:\Program Files (x86)\Microsoft Visual Studio 10.0\Common7\Tools\"/>
    <property name="java.vm.name" value="Java HotSpot(TM) 64-Bit Server VM"/>
    <property name="BUILD_NUMBER" value="42"/>
    <property name="BASE" value="C:\Jenkins"/>
    <property name="JENKINS_URL" value="http://localhost:8080/"/>
    <property name="PROCESSOR_REVISION" value="0301"/>
    <property name="ProgramW6432" value="C:\Program Files"/>
    <property name="windir" value="C:\Windows"/>
    <property name="file.encoding" value="Cp1252"/>
    <property name="SystemDrive" value="C:"/>
    <property name="maven3.interceptor" value="C:\Jenkins\plugins\maven-plugin\WEB-INF\lib\maven3-interceptor-1.5.jar"/>
    <property name="WORKSPACE" value="C:\Jenkins\workspace\myJenkins_project"/>
    <property name="maven3.interceptor.common" value="C:\Jenkins\plugins\maven-plugin\WEB-INF\lib\maven3-interceptor-commons-1.5.jar"/>
    <property name="WINSW_EXECUTABLE" value="C:\Jenkins\jenkins.exe"/>
    <property name="java.specification.version" value="1.8"/>
  </properties>
  <testcase classname="TestCase_Automation.TestCase" name="beforeClass" time="0">
    <failure message="Failed to connect to binary FirefoxBinary(C:\Program Files (x86)\Mozilla Firefox\firefox.exe) on port 7055; process output follows: 

Build info: version: &apos;2.46.0&apos;, revision: &apos;61506a4624b13675f24581e453592342b7485d71&apos;, time: &apos;2015-06-04 10:22:50&apos;
System info: host: &apos;CrazyGuy-PC&apos;, ip: &apos;169.254.98.206&apos;, os.name: &apos;Windows Vista&apos;, os.arch: &apos;amd64&apos;, os.version: &apos;6.0&apos;, java.version: &apos;1.8.0_45&apos;
Driver info: driver.version: BrowserWebDriver" type="org.openqa.selenium.WebDriverException">org.openqa.selenium.WebDriverException: Failed to connect to binary FirefoxBinary(C:\Program Files (x86)\Mozilla Firefox\firefox.exe) on port 7055; process output follows: 
Build info: version: &apos;2.46.0&apos;, revision: &apos;61506a4624b13675f24581e453592342b7485d71&apos;, time: &apos;2015-06-04 10:22:50&apos;
System info: host: &apos;CrazyGuy-PC&apos;, ip: &apos;169.254.98.206&apos;, os.name: &apos;Windows Vista&apos;, os.arch: &apos;amd64&apos;, os.version: &apos;6.0&apos;, java.version: &apos;1.8.0_45&apos;
Driver info: driver.version: BrowserWebDriver
	at org.openqa.selenium.firefox.internal.NewProfileExtensionConnection.start(NewProfileExtensionConnection.java:132)
	at org.openqa.selenium.firefox.FirefoxDriver.startClient(FirefoxDriver.java:275)
	at org.openqa.selenium.remote.RemoteWebDriver.&lt;init&gt;(RemoteWebDriver.java:116)
	at org.openqa.selenium.firefox.FirefoxDriver.&lt;init&gt;(FirefoxDriver.java:220)
	at org.openqa.selenium.firefox.FirefoxDriver.&lt;init&gt;(FirefoxDriver.java:215)
	at org.openqa.selenium.firefox.FirefoxDriver.&lt;init&gt;(FirefoxDriver.java:211)
	at org.openqa.selenium.firefox.FirefoxDriver.&lt;init&gt;(FirefoxDriver.java:124)
	at TestCase_Automation.BrowserWebDriver.&lt;init&gt;(BrowserWebDriver.java:83)
	at TestCase_Automation.TestCase.beforeClass(TestCase.java:79)
Caused by: org.openqa.selenium.firefox.NotConnectedException: Unable to connect to host 127.0.0.1 on port 7055 after 45000 ms. Firefox console output:

	at org.openqa.selenium.firefox.internal.NewProfileExtensionConnection.start(NewProfileExtensionConnection.java:120)
	... 41 more
</failure>
    <system-out>21:32:41 [afarah] INFO  =&gt;  - ******************* SYSTEM UNDER TEST ***********************
21:32:41 [afarah] INFO  =&gt;  - OS: Windows Vista Architecture: amd64 version: 6.0
21:32:41 [afarah] INFO  =&gt;  - Java run time: Java(TM) SE Runtime Environment Version: 1.8.0_45-b14 Library: c:\Program Files\Java\jdk1.8.0_45\jre\bin;C:\Windows\Sun\Java\bin;C:\Windows\system32;C:\Windows;c:\apache-maven-3.0.5/bin;c:\Program Files\Java\jdk1.8.0_45/bin;c:\Program Files\Java\jdk1.8.0_45/bin;C:\ProgramData\Oracle\Java\javapath;C:\PHP\;C:\Windows\system32;C:\Windows;C:\Windows\System32\Wbem;c:\Program Files (x86)\ATI Technologies\ATI.ACE\Core-Static;C:\PROGRA~2\COMMON~1\ULEADS~1\MPEG;C:\Windows\System32\WindowsPowerShell\v1.0\;C:\Git\cmd;.
21:32:41 [afarah] INFO  =&gt;  - Java vm: Java HotSpot(TM) 64-Bit Server VM version: 25.45-b02
21:32:41 [afarah] INFO  =&gt;  - Logfile: c:/TestNG_logs/regression/&lt;date&gt;/SeleniumTestNG_&lt;time&gt;.log
21:32:41 [afarah] INFO  =&gt;  - ^^^^^^^^^^^^^^^^^^^^^^^^^^^^^^^^^^^^^^^^^^^^^^^^^^^^^^^^^^^^^
21:32:41 [afarah] INFO  =&gt;  - ^^^^^^^^^^^^^^^^^^^^^^^ Test Execution: ^^^^^^^^^^^^^^^^^^^^^
21:32:41 [afarah] INFO  =&gt;  - ^^^^^^^^^^^^^^^^^^^^^^^^^^^^^^^^^^^^^^^^^^^^^^^^^^^^^^^^^^^^^
21:32:42 [afarah] INFO  =&gt;  - ----------------------------------------------------------
21:32:42 [afarah] INFO  =&gt;  -  - Opening &lt;firefox&gt; browser
21:32:42 [afarah] INFO  =&gt;  - ----------------------------------------------------------
</system-out>
    <system-err>org.openqa.selenium.firefox.NotConnectedException: Unable to connect to host 127.0.0.1 on port 7055 after 45000 ms. Firefox console output:

	at org.openqa.selenium.firefox.internal.NewProfileExtensionConnection.start(NewProfileExtensionConnection.java:120)
	at org.openqa.selenium.firefox.FirefoxDriver.startClient(FirefoxDriver.java:275)
	at org.openqa.selenium.remote.RemoteWebDriver.&lt;init&gt;(RemoteWebDriver.java:116)
	at org.openqa.selenium.firefox.FirefoxDriver.&lt;init&gt;(FirefoxDriver.java:220)
	at org.openqa.selenium.firefox.FirefoxDriver.&lt;init&gt;(FirefoxDriver.java:215)
	at org.openqa.selenium.firefox.FirefoxDriver.&lt;init&gt;(FirefoxDriver.java:211)
	at org.openqa.selenium.firefox.FirefoxDriver.&lt;init&gt;(FirefoxDriver.java:124)
	at TestCase_Automation.BrowserWebDriver.&lt;init&gt;(BrowserWebDriver.java:83)
	at TestCase_Automation.TestCase.beforeClass(TestCase.java:79)
	at sun.reflect.NativeMethodAccessorImpl.invoke0(Native Method)
	at sun.reflect.NativeMethodAccessorImpl.invoke(NativeMethodAccessorImpl.java:62)
	at sun.reflect.DelegatingMethodAccessorImpl.invoke(DelegatingMethodAccessorImpl.java:43)
	at java.lang.reflect.Method.invoke(Method.java:497)
	at org.testng.internal.MethodInvocationHelper.invokeMethod(MethodInvocationHelper.java:84)
	at org.testng.internal.Invoker.invokeConfigurationMethod(Invoker.java:564)
	at org.testng.internal.Invoker.invokeConfigurations(Invoker.java:213)
	at org.testng.internal.Invoker.invokeConfigurations(Invoker.java:138)
	at org.testng.internal.TestMethodWorker.invokeBeforeClassMethods(TestMethodWorker.java:175)
	at org.testng.internal.TestMethodWorker.run(TestMethodWorker.java:107)
	at org.testng.TestRunner.privateRun(TestRunner.java:767)
	at org.testng.TestRunner.run(TestRunner.java:617)
	at org.testng.SuiteRunner.runTest(SuiteRunner.java:348)
	at org.testng.SuiteRunner.runSequentially(SuiteRunner.java:343)
	at org.testng.SuiteRunner.privateRun(SuiteRunner.java:305)
	at org.testng.SuiteRunner.run(SuiteRunner.java:254)
	at org.testng.SuiteRunnerWorker.runSuite(SuiteRunnerWorker.java:52)
	at org.testng.SuiteRunnerWorker.run(SuiteRunnerWorker.java:86)
	at org.testng.TestNG.runSuitesSequentially(TestNG.java:1224)
	at org.testng.TestNG.runSuitesLocally(TestNG.java:1149)
	at org.testng.TestNG.run(TestNG.java:1057)
	at org.apache.maven.surefire.testng.TestNGExecutor.run(TestNGExecutor.java:70)
	at org.apache.maven.surefire.testng.TestNGDirectoryTestSuite.execute(TestNGDirectoryTestSuite.java:109)
	at org.apache.maven.surefire.testng.TestNGProvider.invoke(TestNGProvider.java:111)
	at sun.reflect.NativeMethodAccessorImpl.invoke0(Native Method)
	at sun.reflect.NativeMethodAccessorImpl.invoke(NativeMethodAccessorImpl.java:62)
	at sun.reflect.DelegatingMethodAccessorImpl.invoke(DelegatingMethodAccessorImpl.java:43)
	at java.lang.reflect.Method.invoke(Method.java:497)
	at org.apache.maven.surefire.util.ReflectionUtils.invokeMethodWithArray(ReflectionUtils.java:164)
	at org.apache.maven.surefire.booter.ProviderFactory$ProviderProxy.invoke(ProviderFactory.java:110)
	at org.apache.maven.surefire.booter.SurefireStarter.invokeProvider(SurefireStarter.java:175)
	at org.apache.maven.surefire.booter.SurefireStarter.runSuitesInProcessWhenForked(SurefireStarter.java:107)
	at org.apache.maven.surefire.booter.ForkedBooter.main(ForkedBooter.java:68)
Jul 04, 2015 9:34:30 PM org.openqa.selenium.os.UnixProcess$SeleniumWatchDog destroyHarder
INFO: Command failed to close cleanly. Destroying forcefully (v2). org.openqa.selenium.os.UnixProcess$SeleniumWatchDog@1c39680d
</system-err>
  </testcase>
  <testcase classname="TestCase_Automation.TestCase" name="beforeMethod" time="1.992">
    <skipped/>
  </testcase>
  <testcase classname="TestCase_Automation.TestCase" name="Test1" time="0">
    <skipped/>
  </testcase>
  <testcase classname="TestCase_Automation.TestCase" name="afterMethod" time="0">
    <skipped/>
  </testcase>
  <testcase classname="TestCase_Automation.TestCase" name="beforeMethod" time="0.001">
    <skipped/>
  </testcase>
  <testcase classname="TestCase_Automation.TestCase" name="Test1" time="0">
    <skipped/>
  </testcase>
  <testcase classname="TestCase_Automation.TestCase" name="afterMethod" time="0">
    <skipped/>
  </testcase>
  <testcase classname="TestCase_Automation.TestCase" name="beforeMethod" time="0">
    <skipped/>
  </testcase>
  <testcase classname="TestCase_Automation.TestCase" name="Test1" time="0">
    <skipped/>
  </testcase>
  <testcase classname="TestCase_Automation.TestCase" name="afterMethod" time="0.062">
    <skipped/>
  </testcase>
  <testcase classname="TestCase_Automation.TestCase" name="afterClass" time="0.063">
    <skipped/>
  </testcase>
  <testcase classname="TestCase_Automation.TestCase" name="beforeClass" time="0.063">
    <skipped/>
  </testcase>
  <testcase classname="TestCase_Automation.TestCase" name="beforeMethod" time="0.964">
    <skipped/>
  </testcase>
  <testcase classname="TestCase_Automation.TestCase" name="Test1" time="0.009">
    <skipped/>
  </testcase>
  <testcase classname="TestCase_Automation.TestCase" name="afterMethod" time="0.01">
    <skipped/>
  </testcase>
  <testcase classname="TestCase_Automation.TestCase" name="beforeMethod" time="0.011">
    <skipped/>
  </testcase>
  <testcase classname="TestCase_Automation.TestCase" name="Test1" time="0.001">
    <skipped/>
  </testcase>
  <testcase classname="TestCase_Automation.TestCase" name="afterMethod" time="0.002">
    <skipped/>
  </testcase>
  <testcase classname="TestCase_Automation.TestCase" name="beforeMethod" time="0.003">
    <skipped/>
  </testcase>
  <testcase classname="TestCase_Automation.TestCase" name="Test1" time="0.001">
    <skipped/>
  </testcase>
  <testcase classname="TestCase_Automation.TestCase" name="afterMethod" time="0.003">
    <skipped/>
  </testcase>
  <testcase classname="TestCase_Automation.TestCase" name="afterClass" time="0.003">
    <skipped/>
  </testcase>
  <testcase classname="TestCase_Automation.TestCase" name="beforeClass" time="0.021">
    <skipped/>
  </testcase>
  <testcase classname="TestCase_Automation.TestCase" name="beforeMethod" time="0.753">
    <skipped/>
  </testcase>
  <testcase classname="TestCase_Automation.TestCase" name="Test1" time="0.013">
    <skipped/>
  </testcase>
  <testcase classname="TestCase_Automation.TestCase" name="afterMethod" time="0.013">
    <skipped/>
  </testcase>
  <testcase classname="TestCase_Automation.TestCase" name="beforeMethod" time="0.013">
    <skipped/>
  </testcase>
  <testcase classname="TestCase_Automation.TestCase" name="Test1" time="0">
    <skipped/>
  </testcase>
  <testcase classname="TestCase_Automation.TestCase" name="afterMethod" time="0">
    <skipped/>
  </testcase>
  <testcase classname="TestCase_Automation.TestCase" name="beforeMethod" time="0">
    <skipped/>
  </testcase>
  <testcase classname="TestCase_Automation.TestCase" name="Test1" time="0">
    <skipped/>
  </testcase>
  <testcase classname="TestCase_Automation.TestCase" name="afterMethod" time="0">
    <skipped/>
  </testcase>
  <testcase classname="TestCase_Automation.TestCase" name="afterClass" time="0">
    <skipped/>
  </testcase>
</testsuite>