<?xml version="1.0" encoding="UTF-8"?>
<testng-results skipped="9" failed="0" total="9" passed="0">
  <reporter-output>
  </reporter-output>
  <suite name="TestCase_Automation.TestCase" duration-ms="141597" started-at="2015-07-05T01:32:42Z" finished-at="2015-07-05T01:35:04Z">
    <groups>
    </groups>
    <test name="Command line test" duration-ms="141597" started-at="2015-07-05T01:32:42Z" finished-at="2015-07-05T01:35:04Z">
      <class name="TestCase_Automation.TestCase">
        <test-method status="FAIL" signature="beforeClass()[pri:0, instance:TestCase_Automation.TestCase@31368b99]" name="beforeClass" is-config="true" duration-ms="0" started-at="2015-07-04T21:32:42Z" finished-at="2015-07-04T21:32:42Z">
          <exception class="org.openqa.selenium.WebDriverException">
            <message>
              <![CDATA[Failed to connect to binary FirefoxBinary(C:\Program Files (x86)\Mozilla Firefox\firefox.exe) on port 7055; process output follows: 

Build info: version: '2.46.0', revision: '61506a4624b13675f24581e453592342b7485d71', time: '2015-06-04 10:22:50'
System info: host: 'CrazyGuy-PC', ip: '169.254.98.206', os.name: 'Windows Vista', os.arch: 'amd64', os.version: '6.0', java.version: '1.8.0_45'
Driver info: driver.version: BrowserWebDriver]]>
            </message>
            <full-stacktrace>
              <![CDATA[org.openqa.selenium.WebDriverException: Failed to connect to binary FirefoxBinary(C:\Program Files (x86)\Mozilla Firefox\firefox.exe) on port 7055; process output follows: 

Build info: version: '2.46.0', revision: '61506a4624b13675f24581e453592342b7485d71', time: '2015-06-04 10:22:50'
System info: host: 'CrazyGuy-PC', ip: '169.254.98.206', os.name: 'Windows Vista', os.arch: 'amd64', os.version: '6.0', java.version: '1.8.0_45'
Driver info: driver.version: BrowserWebDriver
	at org.openqa.selenium.firefox.internal.NewProfileExtensionConnection.start(NewProfileExtensionConnection.java:132)
	at org.openqa.selenium.firefox.FirefoxDriver.startClient(FirefoxDriver.java:275)
	at org.openqa.selenium.remote.RemoteWebDriver.<init>(RemoteWebDriver.java:116)
	at org.openqa.selenium.firefox.FirefoxDriver.<init>(FirefoxDriver.java:220)
	at org.openqa.selenium.firefox.FirefoxDriver.<init>(FirefoxDriver.java:215)
	at org.openqa.selenium.firefox.FirefoxDriver.<init>(FirefoxDriver.java:211)
	at org.openqa.selenium.firefox.FirefoxDriver.<init>(FirefoxDriver.java:124)
	at TestCase_Automation.BrowserWebDriver.<init>(BrowserWebDriver.java:83)
	at TestCase_Automation.TestCase.beforeClass(TestCase.java:79)
	at sun.reflect.NativeMethodAccessorImpl.invoke0(Native Method)
	at sun.reflect.NativeMethodAccessorImpl.invoke(NativeMethodAccessorImpl.java:62)
	at sun.reflect.DelegatingMethodAccessorImpl.invoke(DelegatingMethodAccessorImpl.java:43)
	at java.lang.reflect.Method.invoke(Method.java:497)
	at org.testng.internal.MethodInvocationHelper.invokeMethod(MethodInvocationHelper.java:84)
	at org.testng.internal.Invoker.invokeConfigurationMethod(Invoker.java:564)
	at org.testng.internal.Invoker.invokeConfigurations(Invoker.java:213)
	at org.testng.internal.Invoker.invokeConfigurations(Invoker.java:138)
	at org.testng.internal.TestMethodWorker.invokeBeforeClassMethods(TestMethodWorker.java:175)
	at org.testng.internal.TestMethodWorker.run(TestMethodWorker.java:107)
	at org.testng.TestRunner.privateRun(TestRunner.java:767)
	at org.testng.TestRunner.run(TestRunner.java:617)
	at org.testng.SuiteRunner.runTest(SuiteRunner.java:348)
	at org.testng.SuiteRunner.runSequentially(SuiteRunner.java:343)
	at org.testng.SuiteRunner.privateRun(SuiteRunner.java:305)
	at org.testng.SuiteRunner.run(SuiteRunner.java:254)
	at org.testng.SuiteRunnerWorker.runSuite(SuiteRunnerWorker.java:52)
	at org.testng.SuiteRunnerWorker.run(SuiteRunnerWorker.java:86)
	at org.testng.TestNG.runSuitesSequentially(TestNG.java:1224)
	at org.testng.TestNG.runSuitesLocally(TestNG.java:1149)
	at org.testng.TestNG.run(TestNG.java:1057)
	at org.apache.maven.surefire.testng.TestNGExecutor.run(TestNGExecutor.java:70)
	at org.apache.maven.surefire.testng.TestNGDirectoryTestSuite.execute(TestNGDirectoryTestSuite.java:109)
	at org.apache.maven.surefire.testng.TestNGProvider.invoke(TestNGProvider.java:111)
	at sun.reflect.NativeMethodAccessorImpl.invoke0(Native Method)
	at sun.reflect.NativeMethodAccessorImpl.invoke(NativeMethodAccessorImpl.java:62)
	at sun.reflect.DelegatingMethodAccessorImpl.invoke(DelegatingMethodAccessorImpl.java:43)
	at java.lang.reflect.Method.invoke(Method.java:497)
	at org.apache.maven.surefire.util.ReflectionUtils.invokeMethodWithArray(ReflectionUtils.java:164)
	at org.apache.maven.surefire.booter.ProviderFactory$ProviderProxy.invoke(ProviderFactory.java:110)
	at org.apache.maven.surefire.booter.SurefireStarter.invokeProvider(SurefireStarter.java:175)
	at org.apache.maven.surefire.booter.SurefireStarter.runSuitesInProcessWhenForked(SurefireStarter.java:107)
	at org.apache.maven.surefire.booter.ForkedBooter.main(ForkedBooter.java:68)
Caused by: org.openqa.selenium.firefox.NotConnectedException: Unable to connect to host 127.0.0.1 on port 7055 after 45000 ms. Firefox console output:

	at org.openqa.selenium.firefox.internal.NewProfileExtensionConnection.start(NewProfileExtensionConnection.java:120)
	... 41 more
]]>
            </full-stacktrace>
          </exception> <!-- org.openqa.selenium.WebDriverException -->
          <reporter-output>
          </reporter-output>
        </test-method> <!-- beforeClass -->
        <test-method status="SKIP" signature="beforeMethod(java.lang.reflect.Method)[pri:0, instance:TestCase_Automation.TestCase@31368b99]" name="beforeMethod" is-config="true" duration-ms="0" started-at="2015-07-04T21:35:02Z" finished-at="2015-07-04T21:35:02Z">
          <reporter-output>
          </reporter-output>
        </test-method> <!-- beforeMethod -->
        <test-method status="SKIP" signature="Test1(java.lang.String, java.lang.String, java.lang.String, java.lang.String, boolean)[pri:0, instance:TestCase_Automation.TestCase@31368b99]" name="Test1" duration-ms="8" started-at="2015-07-04T21:35:02Z" data-provider="pageTests" finished-at="2015-07-04T21:35:02Z">
          <params>
            <param index="0">
              <value>
                <![CDATA[Test_1]]>
              </value>
            </param>
            <param index="1">
              <value>
                <![CDATA[Verify No page loading  errors HTTP 404]]>
              </value>
            </param>
            <param index="2">
              <value>
                <![CDATA[http://localhost/latienda/index.php]]>
              </value>
            </param>
            <param index="3">
              <value>
                <![CDATA[page not found]]>
              </value>
            </param>
            <param index="4">
              <value>
                <![CDATA[false]]>
              </value>
            </param>
          </params>
          <reporter-output>
          </reporter-output>
        </test-method> <!-- Test1 -->
        <test-method status="SKIP" signature="afterMethod()[pri:0, instance:TestCase_Automation.TestCase@31368b99]" name="afterMethod" is-config="true" duration-ms="0" started-at="2015-07-04T21:35:02Z" finished-at="2015-07-04T21:35:02Z">
          <reporter-output>
          </reporter-output>
        </test-method> <!-- afterMethod -->
        <test-method status="SKIP" signature="beforeMethod(java.lang.reflect.Method)[pri:0, instance:TestCase_Automation.TestCase@31368b99]" name="beforeMethod" is-config="true" duration-ms="0" started-at="2015-07-04T21:35:02Z" finished-at="2015-07-04T21:35:02Z">
          <reporter-output>
          </reporter-output>
        </test-method> <!-- beforeMethod -->
        <test-method status="SKIP" signature="Test1(java.lang.String, java.lang.String, java.lang.String, java.lang.String, boolean)[pri:0, instance:TestCase_Automation.TestCase@31368b99]" name="Test1" duration-ms="1" started-at="2015-07-04T21:35:02Z" data-provider="pageTests" finished-at="2015-07-04T21:35:02Z">
          <params>
            <param index="0">
              <value>
                <![CDATA[Test_2]]>
              </value>
            </param>
            <param index="1">
              <value>
                <![CDATA[Repeat]]>
              </value>
            </param>
            <param index="2">
              <value>
                <![CDATA[http://localhost/latienda/contactUs.php]]>
              </value>
            </param>
            <param index="3">
              <value>
                <![CDATA[page not found]]>
              </value>
            </param>
            <param index="4">
              <value>
                <![CDATA[false]]>
              </value>
            </param>
          </params>
          <reporter-output>
          </reporter-output>
        </test-method> <!-- Test1 -->
        <test-method status="SKIP" signature="afterMethod()[pri:0, instance:TestCase_Automation.TestCase@31368b99]" name="afterMethod" is-config="true" duration-ms="0" started-at="2015-07-04T21:35:02Z" finished-at="2015-07-04T21:35:02Z">
          <reporter-output>
          </reporter-output>
        </test-method> <!-- afterMethod -->
        <test-method status="SKIP" signature="beforeMethod(java.lang.reflect.Method)[pri:0, instance:TestCase_Automation.TestCase@31368b99]" name="beforeMethod" is-config="true" duration-ms="0" started-at="2015-07-04T21:35:02Z" finished-at="2015-07-04T21:35:02Z">
          <reporter-output>
          </reporter-output>
        </test-method> <!-- beforeMethod -->
        <test-method status="SKIP" signature="Test1(java.lang.String, java.lang.String, java.lang.String, java.lang.String, boolean)[pri:0, instance:TestCase_Automation.TestCase@31368b99]" name="Test1" duration-ms="0" started-at="2015-07-04T21:35:02Z" data-provider="pageTests" finished-at="2015-07-04T21:35:02Z">
          <params>
            <param index="0">
              <value>
                <![CDATA[Test_3]]>
              </value>
            </param>
            <param index="1">
              <value>
                <![CDATA[Repeat]]>
              </value>
            </param>
            <param index="2">
              <value>
                <![CDATA[http://localhost/latienda/aboutUs.php]]>
              </value>
            </param>
            <param index="3">
              <value>
                <![CDATA[page not found]]>
              </value>
            </param>
            <param index="4">
              <value>
                <![CDATA[false]]>
              </value>
            </param>
          </params>
          <reporter-output>
          </reporter-output>
        </test-method> <!-- Test1 -->
        <test-method status="SKIP" signature="afterMethod()[pri:0, instance:TestCase_Automation.TestCase@31368b99]" name="afterMethod" is-config="true" duration-ms="0" started-at="2015-07-04T21:35:02Z" finished-at="2015-07-04T21:35:02Z">
          <reporter-output>
          </reporter-output>
        </test-method> <!-- afterMethod -->
        <test-method status="SKIP" signature="afterClass()[pri:0, instance:TestCase_Automation.TestCase@31368b99]" name="afterClass" is-config="true" duration-ms="0" started-at="2015-07-04T21:35:02Z" finished-at="2015-07-04T21:35:02Z">
          <reporter-output>
          </reporter-output>
        </test-method> <!-- afterClass -->
        <test-method status="SKIP" signature="beforeClass()[pri:0, instance:TestCase_Automation.TestCase@31368b99]" name="beforeClass" is-config="true" duration-ms="0" started-at="2015-07-04T21:35:02Z" finished-at="2015-07-04T21:35:02Z">
          <reporter-output>
          </reporter-output>
        </test-method> <!-- beforeClass -->
        <test-method status="SKIP" signature="beforeMethod(java.lang.reflect.Method)[pri:0, instance:TestCase_Automation.TestCase@31368b99]" name="beforeMethod" is-config="true" duration-ms="0" started-at="2015-07-04T21:35:03Z" finished-at="2015-07-04T21:35:03Z">
          <reporter-output>
          </reporter-output>
        </test-method> <!-- beforeMethod -->
        <test-method status="SKIP" signature="Test1(java.lang.String, java.lang.String, java.lang.String, java.lang.String, boolean)[pri:0, instance:TestCase_Automation.TestCase@50b472aa]" name="Test1" duration-ms="3" started-at="2015-07-04T21:35:03Z" data-provider="pageTests" finished-at="2015-07-04T21:35:03Z">
          <params>
            <param index="0">
              <value>
                <![CDATA[Test_1]]>
              </value>
            </param>
            <param index="1">
              <value>
                <![CDATA[Verify No page loading  errors HTTP 404]]>
              </value>
            </param>
            <param index="2">
              <value>
                <![CDATA[http://localhost/latienda/index.php]]>
              </value>
            </param>
            <param index="3">
              <value>
                <![CDATA[page not found]]>
              </value>
            </param>
            <param index="4">
              <value>
                <![CDATA[false]]>
              </value>
            </param>
          </params>
          <reporter-output>
          </reporter-output>
        </test-method> <!-- Test1 -->
        <test-method status="SKIP" signature="afterMethod()[pri:0, instance:TestCase_Automation.TestCase@31368b99]" name="afterMethod" is-config="true" duration-ms="0" started-at="2015-07-04T21:35:03Z" finished-at="2015-07-04T21:35:03Z">
          <reporter-output>
          </reporter-output>
        </test-method> <!-- afterMethod -->
        <test-method status="SKIP" signature="Test1(java.lang.String, java.lang.String, java.lang.String, java.lang.String, boolean)[pri:0, instance:TestCase_Automation.TestCase@50b472aa]" name="Test1" duration-ms="1" started-at="2015-07-04T21:35:03Z" data-provider="pageTests" finished-at="2015-07-04T21:35:03Z">
          <params>
            <param index="0">
              <value>
                <![CDATA[Test_2]]>
              </value>
            </param>
            <param index="1">
              <value>
                <![CDATA[Repeat]]>
              </value>
            </param>
            <param index="2">
              <value>
                <![CDATA[http://localhost/latienda/contactUs.php]]>
              </value>
            </param>
            <param index="3">
              <value>
                <![CDATA[page not found]]>
              </value>
            </param>
            <param index="4">
              <value>
                <![CDATA[false]]>
              </value>
            </param>
          </params>
          <reporter-output>
          </reporter-output>
        </test-method> <!-- Test1 -->
        <test-method status="SKIP" signature="beforeMethod(java.lang.reflect.Method)[pri:0, instance:TestCase_Automation.TestCase@31368b99]" name="beforeMethod" is-config="true" duration-ms="0" started-at="2015-07-04T21:35:03Z" finished-at="2015-07-04T21:35:03Z">
          <reporter-output>
          </reporter-output>
        </test-method> <!-- beforeMethod -->
        <test-method status="SKIP" signature="afterMethod()[pri:0, instance:TestCase_Automation.TestCase@31368b99]" name="afterMethod" is-config="true" duration-ms="0" started-at="2015-07-04T21:35:03Z" finished-at="2015-07-04T21:35:03Z">
          <reporter-output>
          </reporter-output>
        </test-method> <!-- afterMethod -->
        <test-method status="SKIP" signature="beforeMethod(java.lang.reflect.Method)[pri:0, instance:TestCase_Automation.TestCase@31368b99]" name="beforeMethod" is-config="true" duration-ms="0" started-at="2015-07-04T21:35:03Z" finished-at="2015-07-04T21:35:03Z">
          <reporter-output>
          </reporter-output>
        </test-method> <!-- beforeMethod -->
        <test-method status="SKIP" signature="Test1(java.lang.String, java.lang.String, java.lang.String, java.lang.String, boolean)[pri:0, instance:TestCase_Automation.TestCase@50b472aa]" name="Test1" duration-ms="0" started-at="2015-07-04T21:35:03Z" data-provider="pageTests" finished-at="2015-07-04T21:35:03Z">
          <params>
            <param index="0">
              <value>
                <![CDATA[Test_3]]>
              </value>
            </param>
            <param index="1">
              <value>
                <![CDATA[Repeat]]>
              </value>
            </param>
            <param index="2">
              <value>
                <![CDATA[http://localhost/latienda/aboutUs.php]]>
              </value>
            </param>
            <param index="3">
              <value>
                <![CDATA[page not found]]>
              </value>
            </param>
            <param index="4">
              <value>
                <![CDATA[false]]>
              </value>
            </param>
          </params>
          <reporter-output>
          </reporter-output>
        </test-method> <!-- Test1 -->
        <test-method status="SKIP" signature="afterMethod()[pri:0, instance:TestCase_Automation.TestCase@31368b99]" name="afterMethod" is-config="true" duration-ms="0" started-at="2015-07-04T21:35:03Z" finished-at="2015-07-04T21:35:03Z">
          <reporter-output>
          </reporter-output>
        </test-method> <!-- afterMethod -->
        <test-method status="SKIP" signature="afterClass()[pri:0, instance:TestCase_Automation.TestCase@31368b99]" name="afterClass" is-config="true" duration-ms="0" started-at="2015-07-04T21:35:03Z" finished-at="2015-07-04T21:35:03Z">
          <reporter-output>
          </reporter-output>
        </test-method> <!-- afterClass -->
        <test-method status="SKIP" signature="beforeClass()[pri:0, instance:TestCase_Automation.TestCase@31368b99]" name="beforeClass" is-config="true" duration-ms="0" started-at="2015-07-04T21:35:03Z" finished-at="2015-07-04T21:35:03Z">
          <reporter-output>
          </reporter-output>
        </test-method> <!-- beforeClass -->
        <test-method status="SKIP" signature="beforeMethod(java.lang.reflect.Method)[pri:0, instance:TestCase_Automation.TestCase@31368b99]" name="beforeMethod" is-config="true" duration-ms="0" started-at="2015-07-04T21:35:04Z" finished-at="2015-07-04T21:35:04Z">
          <reporter-output>
          </reporter-output>
        </test-method> <!-- beforeMethod -->
        <test-method status="SKIP" signature="Test1(java.lang.String, java.lang.String, java.lang.String, java.lang.String, boolean)[pri:0, instance:TestCase_Automation.TestCase@6ca8564a]" name="Test1" duration-ms="0" started-at="2015-07-04T21:35:04Z" data-provider="pageTests" finished-at="2015-07-04T21:35:04Z">
          <params>
            <param index="0">
              <value>
                <![CDATA[Test_1]]>
              </value>
            </param>
            <param index="1">
              <value>
                <![CDATA[Verify No page loading  errors HTTP 404]]>
              </value>
            </param>
            <param index="2">
              <value>
                <![CDATA[http://localhost/latienda/index.php]]>
              </value>
            </param>
            <param index="3">
              <value>
                <![CDATA[page not found]]>
              </value>
            </param>
            <param index="4">
              <value>
                <![CDATA[false]]>
              </value>
            </param>
          </params>
          <reporter-output>
          </reporter-output>
        </test-method> <!-- Test1 -->
        <test-method status="SKIP" signature="afterMethod()[pri:0, instance:TestCase_Automation.TestCase@31368b99]" name="afterMethod" is-config="true" duration-ms="0" started-at="2015-07-04T21:35:04Z" finished-at="2015-07-04T21:35:04Z">
          <reporter-output>
          </reporter-output>
        </test-method> <!-- afterMethod -->
        <test-method status="SKIP" signature="beforeMethod(java.lang.reflect.Method)[pri:0, instance:TestCase_Automation.TestCase@31368b99]" name="beforeMethod" is-config="true" duration-ms="0" started-at="2015-07-04T21:35:04Z" finished-at="2015-07-04T21:35:04Z">
          <reporter-output>
          </reporter-output>
        </test-method> <!-- beforeMethod -->
        <test-method status="SKIP" signature="Test1(java.lang.String, java.lang.String, java.lang.String, java.lang.String, boolean)[pri:0, instance:TestCase_Automation.TestCase@6ca8564a]" name="Test1" duration-ms="14" started-at="2015-07-04T21:35:04Z" data-provider="pageTests" finished-at="2015-07-04T21:35:04Z">
          <params>
            <param index="0">
              <value>
                <![CDATA[Test_2]]>
              </value>
            </param>
            <param index="1">
              <value>
                <![CDATA[Repeat]]>
              </value>
            </param>
            <param index="2">
              <value>
                <![CDATA[http://localhost/latienda/contactUs.php]]>
              </value>
            </param>
            <param index="3">
              <value>
                <![CDATA[page not found]]>
              </value>
            </param>
            <param index="4">
              <value>
                <![CDATA[false]]>
              </value>
            </param>
          </params>
          <reporter-output>
          </reporter-output>
        </test-method> <!-- Test1 -->
        <test-method status="SKIP" signature="afterMethod()[pri:0, instance:TestCase_Automation.TestCase@31368b99]" name="afterMethod" is-config="true" duration-ms="0" started-at="2015-07-04T21:35:04Z" finished-at="2015-07-04T21:35:04Z">
          <reporter-output>
          </reporter-output>
        </test-method> <!-- afterMethod -->
        <test-method status="SKIP" signature="beforeMethod(java.lang.reflect.Method)[pri:0, instance:TestCase_Automation.TestCase@31368b99]" name="beforeMethod" is-config="true" duration-ms="0" started-at="2015-07-04T21:35:04Z" finished-at="2015-07-04T21:35:04Z">
          <reporter-output>
          </reporter-output>
        </test-method> <!-- beforeMethod -->
        <test-method status="SKIP" signature="afterMethod()[pri:0, instance:TestCase_Automation.TestCase@31368b99]" name="afterMethod" is-config="true" duration-ms="0" started-at="2015-07-04T21:35:04Z" finished-at="2015-07-04T21:35:04Z">
          <reporter-output>
          </reporter-output>
        </test-method> <!-- afterMethod -->
        <test-method status="SKIP" signature="Test1(java.lang.String, java.lang.String, java.lang.String, java.lang.String, boolean)[pri:0, instance:TestCase_Automation.TestCase@6ca8564a]" name="Test1" duration-ms="0" started-at="2015-07-04T21:35:04Z" data-provider="pageTests" finished-at="2015-07-04T21:35:04Z">
          <params>
            <param index="0">
              <value>
                <![CDATA[Test_3]]>
              </value>
            </param>
            <param index="1">
              <value>
                <![CDATA[Repeat]]>
              </value>
            </param>
            <param index="2">
              <value>
                <![CDATA[http://localhost/latienda/aboutUs.php]]>
              </value>
            </param>
            <param index="3">
              <value>
                <![CDATA[page not found]]>
              </value>
            </param>
            <param index="4">
              <value>
                <![CDATA[false]]>
              </value>
            </param>
          </params>
          <reporter-output>
          </reporter-output>
        </test-method> <!-- Test1 -->
        <test-method status="SKIP" signature="afterClass()[pri:0, instance:TestCase_Automation.TestCase@31368b99]" name="afterClass" is-config="true" duration-ms="0" started-at="2015-07-04T21:35:04Z" finished-at="2015-07-04T21:35:04Z">
          <reporter-output>
          </reporter-output>
        </test-method> <!-- afterClass -->
      </class> <!-- TestCase_Automation.TestCase -->
    </test> <!-- Command line test -->
  </suite> <!-- TestCase_Automation.TestCase -->
</testng-results>
