<html>
<head>
<title>TestNG:  Command line test</title>
<link href="../testng.css" rel="stylesheet" type="text/css" />
<link href="../my-testng.css" rel="stylesheet" type="text/css" />

<style type="text/css">
.log { display: none;} 
.stack-trace { display: none;} 
</style>
<script type="text/javascript">
<!--
function flip(e) {
  current = e.style.display;
  if (current == 'block') {
    e.style.display = 'none';
    return 0;
  }
  else {
    e.style.display = 'block';
    return 1;
  }
}

function toggleBox(szDivId, elem, msg1, msg2)
{
  var res = -1;  if (document.getElementById) {
    res = flip(document.getElementById(szDivId));
  }
  else if (document.all) {
    // this is the way old msie versions work
    res = flip(document.all[szDivId]);
  }
  if(elem) {
    if(res == 0) elem.innerHTML = msg1; else elem.innerHTML = msg2;
  }

}

function toggleAllBoxes() {
  if (document.getElementsByTagName) {
    d = document.getElementsByTagName('div');
    for (i = 0; i < d.length; i++) {
      if (d[i].className == 'log') {
        flip(d[i]);
      }
    }
  }
}

// -->
</script>

</head>
<body>
<h2 align='center'>Command line test</h2><table border='1' align="center">
<tr>
<td>Tests passed/Failed/Skipped:</td><td>0/0/9</td>
</tr><tr>
<td>Started on:</td><td>Sat Jul 04 21:32:42 EDT 2015</td>
</tr>
<tr><td>Total time:</td><td>141 seconds (141597 ms)</td>
</tr><tr>
<td>Included groups:</td><td></td>
</tr><tr>
<td>Excluded groups:</td><td></td>
</tr>
</table><p/>
<small><i>(Hover the method name to see the test class name)</i></small><p/>
<table width='100%' border='1' class='invocation-failed'>
<tr><td colspan='4' align='center'><b>FAILED CONFIGURATIONS</b></td></tr>
<tr><td><b>Test method</b></td>
<td width="30%"><b>Exception</b></td>
<td width="10%"><b>Time (seconds)</b></td>
<td><b>Instance</b></td>
</tr>
<tr>
<td title='TestCase_Automation.TestCase.beforeClass()'><b>beforeClass</b><br>Test class: TestCase_Automation.TestCase</td>
<td><div><pre>org.openqa.selenium.WebDriverException: Failed to connect to binary FirefoxBinary(C:\Program Files (x86)\Mozilla Firefox\firefox.exe) on port 7055; process output follows: 

Build info: version: &apos;2.46.0&apos;, revision: &apos;61506a4624b13675f24581e453592342b7485d71&apos;, time: &apos;2015-06-04 10:22:50&apos;
System info: host: &apos;CrazyGuy-PC&apos;, ip: &apos;169.254.98.206&apos;, os.name: &apos;Windows Vista&apos;, os.arch: &apos;amd64&apos;, os.version: &apos;6.0&apos;, java.version: &apos;1.8.0_45&apos;
Driver info: driver.version: BrowserWebDriver
	at org.openqa.selenium.firefox.internal.NewProfileExtensionConnection.start(NewProfileExtensionConnection.java:132)
	at org.openqa.selenium.firefox.FirefoxDriver.startClient(FirefoxDriver.java:275)
	at org.openqa.selenium.remote.RemoteWebDriver.&lt;init&gt;(RemoteWebDriver.java:116)
	at org.openqa.selenium.firefox.FirefoxDriver.&lt;init&gt;(FirefoxDriver.java:220)
	at org.openqa.selenium.firefox.FirefoxDriver.&lt;init&gt;(FirefoxDriver.java:215)
	at org.openqa.selenium.firefox.FirefoxDriver.&lt;init&gt;(FirefoxDriver.java:211)
	at org.openqa.selenium.firefox.FirefoxDriver.&lt;init&gt;(FirefoxDriver.java:124)
	at TestCase_Automation.BrowserWebDriver.&lt;init&gt;(BrowserWebDriver.java:83)
	at TestCase_Automation.TestCase.beforeClass(TestCase.java:79)
Caused by: org.openqa.selenium.firefox.NotConnectedException: Unable to connect to host 127.0.0.1 on port 7055 after 45000 ms. Firefox console output:

	at org.openqa.selenium.firefox.internal.NewProfileExtensionConnection.start(NewProfileExtensionConnection.java:120)
	... 41 more
... Removed 33 stack frames</pre></div><a href='#' onClick='toggleBox("stack-trace1976752685", this, "Click to show all stack frames", "Click to hide stack frames")'>Click to show all stack frames</a>
<div class='stack-trace' id='stack-trace1976752685'><pre>org.openqa.selenium.WebDriverException: Failed to connect to binary FirefoxBinary(C:\Program Files (x86)\Mozilla Firefox\firefox.exe) on port 7055; process output follows: 

Build info: version: &apos;2.46.0&apos;, revision: &apos;61506a4624b13675f24581e453592342b7485d71&apos;, time: &apos;2015-06-04 10:22:50&apos;
System info: host: &apos;CrazyGuy-PC&apos;, ip: &apos;169.254.98.206&apos;, os.name: &apos;Windows Vista&apos;, os.arch: &apos;amd64&apos;, os.version: &apos;6.0&apos;, java.version: &apos;1.8.0_45&apos;
Driver info: driver.version: BrowserWebDriver
	at org.openqa.selenium.firefox.internal.NewProfileExtensionConnection.start(NewProfileExtensionConnection.java:132)
	at org.openqa.selenium.firefox.FirefoxDriver.startClient(FirefoxDriver.java:275)
	at org.openqa.selenium.remote.RemoteWebDriver.&lt;init&gt;(RemoteWebDriver.java:116)
	at org.openqa.selenium.firefox.FirefoxDriver.&lt;init&gt;(FirefoxDriver.java:220)
	at org.openqa.selenium.firefox.FirefoxDriver.&lt;init&gt;(FirefoxDriver.java:215)
	at org.openqa.selenium.firefox.FirefoxDriver.&lt;init&gt;(FirefoxDriver.java:211)
	at org.openqa.selenium.firefox.FirefoxDriver.&lt;init&gt;(FirefoxDriver.java:124)
	at TestCase_Automation.BrowserWebDriver.&lt;init&gt;(BrowserWebDriver.java:83)
	at TestCase_Automation.TestCase.beforeClass(TestCase.java:79)
	at sun.reflect.NativeMethodAccessorImpl.invoke0(Native Method)
	at sun.reflect.NativeMethodAccessorImpl.invoke(NativeMethodAccessorImpl.java:62)
	at sun.reflect.DelegatingMethodAccessorImpl.invoke(DelegatingMethodAccessorImpl.java:43)
	at java.lang.reflect.Method.invoke(Method.java:497)
	at org.testng.internal.MethodInvocationHelper.invokeMethod(MethodInvocationHelper.java:84)
	at org.testng.internal.Invoker.invokeConfigurationMethod(Invoker.java:564)
	at org.testng.internal.Invoker.invokeConfigurations(Invoker.java:213)
	at org.testng.internal.Invoker.invokeConfigurations(Invoker.java:138)
	at org.testng.internal.TestMethodWorker.invokeBeforeClassMethods(TestMethodWorker.java:175)
	at org.testng.internal.TestMethodWorker.run(TestMethodWorker.java:107)
	at org.testng.TestRunner.privateRun(TestRunner.java:767)
	at org.testng.TestRunner.run(TestRunner.java:617)
	at org.testng.SuiteRunner.runTest(SuiteRunner.java:348)
	at org.testng.SuiteRunner.runSequentially(SuiteRunner.java:343)
	at org.testng.SuiteRunner.privateRun(SuiteRunner.java:305)
	at org.testng.SuiteRunner.run(SuiteRunner.java:254)
	at org.testng.SuiteRunnerWorker.runSuite(SuiteRunnerWorker.java:52)
	at org.testng.SuiteRunnerWorker.run(SuiteRunnerWorker.java:86)
	at org.testng.TestNG.runSuitesSequentially(TestNG.java:1224)
	at org.testng.TestNG.runSuitesLocally(TestNG.java:1149)
	at org.testng.TestNG.run(TestNG.java:1057)
	at org.apache.maven.surefire.testng.TestNGExecutor.run(TestNGExecutor.java:70)
	at org.apache.maven.surefire.testng.TestNGDirectoryTestSuite.execute(TestNGDirectoryTestSuite.java:109)
	at org.apache.maven.surefire.testng.TestNGProvider.invoke(TestNGProvider.java:111)
	at sun.reflect.NativeMethodAccessorImpl.invoke0(Native Method)
	at sun.reflect.NativeMethodAccessorImpl.invoke(NativeMethodAccessorImpl.java:62)
	at sun.reflect.DelegatingMethodAccessorImpl.invoke(DelegatingMethodAccessorImpl.java:43)
	at java.lang.reflect.Method.invoke(Method.java:497)
	at org.apache.maven.surefire.util.ReflectionUtils.invokeMethodWithArray(ReflectionUtils.java:164)
	at org.apache.maven.surefire.booter.ProviderFactory$ProviderProxy.invoke(ProviderFactory.java:110)
	at org.apache.maven.surefire.booter.SurefireStarter.invokeProvider(SurefireStarter.java:175)
	at org.apache.maven.surefire.booter.SurefireStarter.runSuitesInProcessWhenForked(SurefireStarter.java:107)
	at org.apache.maven.surefire.booter.ForkedBooter.main(ForkedBooter.java:68)
Caused by: org.openqa.selenium.firefox.NotConnectedException: Unable to connect to host 127.0.0.1 on port 7055 after 45000 ms. Firefox console output:

	at org.openqa.selenium.firefox.internal.NewProfileExtensionConnection.start(NewProfileExtensionConnection.java:120)
	... 41 more
</pre></div></td>
<td>0</td>
<td>TestCase_Automation.TestCase@31368b99</td></tr>
</table><p>
<table width='100%' border='1' class='invocation-skipped'>
<tr><td colspan='4' align='center'><b>SKIPPED CONFIGURATIONS</b></td></tr>
<tr><td><b>Test method</b></td>
<td width="30%"><b>Exception</b></td>
<td width="10%"><b>Time (seconds)</b></td>
<td><b>Instance</b></td>
</tr>
<tr>
<td title='TestCase_Automation.TestCase.beforeClass()'><b>beforeClass</b><br>Test class: TestCase_Automation.TestCase</td>
<td></td>
<td>0</td>
<td>TestCase_Automation.TestCase@50b472aa</td></tr>
<tr>
<td title='TestCase_Automation.TestCase.beforeClass()'><b>beforeClass</b><br>Test class: TestCase_Automation.TestCase</td>
<td></td>
<td>0</td>
<td>TestCase_Automation.TestCase@6ca8564a</td></tr>
<tr>
<td title='TestCase_Automation.TestCase.beforeMethod()'><b>beforeMethod</b><br>Test class: TestCase_Automation.TestCase</td>
<td></td>
<td>0</td>
<td>TestCase_Automation.TestCase@31368b99</td></tr>
<tr>
<td title='TestCase_Automation.TestCase.beforeMethod()'><b>beforeMethod</b><br>Test class: TestCase_Automation.TestCase</td>
<td></td>
<td>0</td>
<td>TestCase_Automation.TestCase@31368b99</td></tr>
<tr>
<td title='TestCase_Automation.TestCase.beforeMethod()'><b>beforeMethod</b><br>Test class: TestCase_Automation.TestCase</td>
<td></td>
<td>0</td>
<td>TestCase_Automation.TestCase@31368b99</td></tr>
<tr>
<td title='TestCase_Automation.TestCase.beforeMethod()'><b>beforeMethod</b><br>Test class: TestCase_Automation.TestCase</td>
<td></td>
<td>0</td>
<td>TestCase_Automation.TestCase@50b472aa</td></tr>
<tr>
<td title='TestCase_Automation.TestCase.beforeMethod()'><b>beforeMethod</b><br>Test class: TestCase_Automation.TestCase</td>
<td></td>
<td>0</td>
<td>TestCase_Automation.TestCase@50b472aa</td></tr>
<tr>
<td title='TestCase_Automation.TestCase.beforeMethod()'><b>beforeMethod</b><br>Test class: TestCase_Automation.TestCase</td>
<td></td>
<td>0</td>
<td>TestCase_Automation.TestCase@50b472aa</td></tr>
<tr>
<td title='TestCase_Automation.TestCase.beforeMethod()'><b>beforeMethod</b><br>Test class: TestCase_Automation.TestCase</td>
<td></td>
<td>0</td>
<td>TestCase_Automation.TestCase@6ca8564a</td></tr>
<tr>
<td title='TestCase_Automation.TestCase.beforeMethod()'><b>beforeMethod</b><br>Test class: TestCase_Automation.TestCase</td>
<td></td>
<td>0</td>
<td>TestCase_Automation.TestCase@6ca8564a</td></tr>
<tr>
<td title='TestCase_Automation.TestCase.beforeMethod()'><b>beforeMethod</b><br>Test class: TestCase_Automation.TestCase</td>
<td></td>
<td>0</td>
<td>TestCase_Automation.TestCase@6ca8564a</td></tr>
<tr>
<td title='TestCase_Automation.TestCase.afterMethod()'><b>afterMethod</b><br>Test class: TestCase_Automation.TestCase</td>
<td></td>
<td>0</td>
<td>TestCase_Automation.TestCase@31368b99</td></tr>
<tr>
<td title='TestCase_Automation.TestCase.afterMethod()'><b>afterMethod</b><br>Test class: TestCase_Automation.TestCase</td>
<td></td>
<td>0</td>
<td>TestCase_Automation.TestCase@31368b99</td></tr>
<tr>
<td title='TestCase_Automation.TestCase.afterMethod()'><b>afterMethod</b><br>Test class: TestCase_Automation.TestCase</td>
<td></td>
<td>0</td>
<td>TestCase_Automation.TestCase@31368b99</td></tr>
<tr>
<td title='TestCase_Automation.TestCase.afterMethod()'><b>afterMethod</b><br>Test class: TestCase_Automation.TestCase</td>
<td></td>
<td>0</td>
<td>TestCase_Automation.TestCase@50b472aa</td></tr>
<tr>
<td title='TestCase_Automation.TestCase.afterMethod()'><b>afterMethod</b><br>Test class: TestCase_Automation.TestCase</td>
<td></td>
<td>0</td>
<td>TestCase_Automation.TestCase@50b472aa</td></tr>
<tr>
<td title='TestCase_Automation.TestCase.afterMethod()'><b>afterMethod</b><br>Test class: TestCase_Automation.TestCase</td>
<td></td>
<td>0</td>
<td>TestCase_Automation.TestCase@50b472aa</td></tr>
<tr>
<td title='TestCase_Automation.TestCase.afterMethod()'><b>afterMethod</b><br>Test class: TestCase_Automation.TestCase</td>
<td></td>
<td>0</td>
<td>TestCase_Automation.TestCase@6ca8564a</td></tr>
<tr>
<td title='TestCase_Automation.TestCase.afterMethod()'><b>afterMethod</b><br>Test class: TestCase_Automation.TestCase</td>
<td></td>
<td>0</td>
<td>TestCase_Automation.TestCase@6ca8564a</td></tr>
<tr>
<td title='TestCase_Automation.TestCase.afterMethod()'><b>afterMethod</b><br>Test class: TestCase_Automation.TestCase</td>
<td></td>
<td>0</td>
<td>TestCase_Automation.TestCase@6ca8564a</td></tr>
<tr>
<td title='TestCase_Automation.TestCase.afterClass()'><b>afterClass</b><br>Test class: TestCase_Automation.TestCase</td>
<td></td>
<td>0</td>
<td>TestCase_Automation.TestCase@31368b99</td></tr>
<tr>
<td title='TestCase_Automation.TestCase.afterClass()'><b>afterClass</b><br>Test class: TestCase_Automation.TestCase</td>
<td></td>
<td>0</td>
<td>TestCase_Automation.TestCase@50b472aa</td></tr>
<tr>
<td title='TestCase_Automation.TestCase.afterClass()'><b>afterClass</b><br>Test class: TestCase_Automation.TestCase</td>
<td></td>
<td>0</td>
<td>TestCase_Automation.TestCase@6ca8564a</td></tr>
</table><p>
<table width='100%' border='1' class='invocation-skipped'>
<tr><td colspan='4' align='center'><b>SKIPPED TESTS</b></td></tr>
<tr><td><b>Test method</b></td>
<td width="30%"><b>Exception</b></td>
<td width="10%"><b>Time (seconds)</b></td>
<td><b>Instance</b></td>
</tr>
<tr>
<td title='TestCase_Automation.TestCase.Test1()'><b>Test1</b><br>Test class: TestCase_Automation.TestCase<br>Parameters: Test_1, Verify No page loading  errors HTTP 404, http://localhost/latienda/index.php, page not found, false</td>
<td></td>
<td>0</td>
<td>TestCase_Automation.TestCase@31368b99</td></tr>
<tr>
<td title='TestCase_Automation.TestCase.Test1()'><b>Test1</b><br>Test class: TestCase_Automation.TestCase<br>Parameters: Test_2, Repeat, http://localhost/latienda/contactUs.php, page not found, false</td>
<td></td>
<td>0</td>
<td>TestCase_Automation.TestCase@31368b99</td></tr>
<tr>
<td title='TestCase_Automation.TestCase.Test1()'><b>Test1</b><br>Test class: TestCase_Automation.TestCase<br>Parameters: Test_3, Repeat, http://localhost/latienda/aboutUs.php, page not found, false</td>
<td></td>
<td>0</td>
<td>TestCase_Automation.TestCase@31368b99</td></tr>
<tr>
<td title='TestCase_Automation.TestCase.Test1()'><b>Test1</b><br>Test class: TestCase_Automation.TestCase<br>Parameters: Test_1, Verify No page loading  errors HTTP 404, http://localhost/latienda/index.php, page not found, false</td>
<td></td>
<td>0</td>
<td>TestCase_Automation.TestCase@50b472aa</td></tr>
<tr>
<td title='TestCase_Automation.TestCase.Test1()'><b>Test1</b><br>Test class: TestCase_Automation.TestCase<br>Parameters: Test_2, Repeat, http://localhost/latienda/contactUs.php, page not found, false</td>
<td></td>
<td>0</td>
<td>TestCase_Automation.TestCase@50b472aa</td></tr>
<tr>
<td title='TestCase_Automation.TestCase.Test1()'><b>Test1</b><br>Test class: TestCase_Automation.TestCase<br>Parameters: Test_3, Repeat, http://localhost/latienda/aboutUs.php, page not found, false</td>
<td></td>
<td>0</td>
<td>TestCase_Automation.TestCase@50b472aa</td></tr>
<tr>
<td title='TestCase_Automation.TestCase.Test1()'><b>Test1</b><br>Test class: TestCase_Automation.TestCase<br>Parameters: Test_1, Verify No page loading  errors HTTP 404, http://localhost/latienda/index.php, page not found, false</td>
<td></td>
<td>0</td>
<td>TestCase_Automation.TestCase@6ca8564a</td></tr>
<tr>
<td title='TestCase_Automation.TestCase.Test1()'><b>Test1</b><br>Test class: TestCase_Automation.TestCase<br>Parameters: Test_2, Repeat, http://localhost/latienda/contactUs.php, page not found, false</td>
<td></td>
<td>0</td>
<td>TestCase_Automation.TestCase@6ca8564a</td></tr>
<tr>
<td title='TestCase_Automation.TestCase.Test1()'><b>Test1</b><br>Test class: TestCase_Automation.TestCase<br>Parameters: Test_3, Repeat, http://localhost/latienda/aboutUs.php, page not found, false</td>
<td></td>
<td>0</td>
<td>TestCase_Automation.TestCase@6ca8564a</td></tr>
</table><p>
</body>
</html>